 [AirAPI] INFO 2023-08-10 17:18:27 - InitailizeApplication
[AirAPI] INFO 2023-08-10 17:18:34 - InitailizeApplication
[AirAPI] INFO 2023-08-10 17:18:47 - InitailizeApplication
[AirAPI] INFO 2023-08-10 17:18:51 - InitailizeApplication
[AirAPI] INFO 2023-08-10 17:19:00 - InitailizeApplication
[AirAPI] INFO 2023-08-10 17:19:17 - InitailizeApplication
[AirAPI] INFO 2023-08-10 17:19:26 - InitailizeApplication
[AirAPI] [34MINFO[39M 2023-08-10 17:20:04 - [34mInitailizeApplication[39m
[AirAPI] [34MINFO[39M 2023-08-10 17:20:34 - [34mInitailizeApplication[39m
[AirAPI] [34MINFO[39M 2023-08-10 17:20:41 - [34mInitailizeApplication[39m
[AirAPI] [34MINFO[39M 2023-08-10 17:21:07 - [34mInitailizeApplication[39m
[AirAPI] [34MINFO[39M 2023-08-10 17:21:35 - [34mInitailizeApplication[39m
[AirAPI] [34MINFO[39M 2023-08-10 17:21:43 - [34mInitailizeApplication[39m
[AirAPI] INFO 2023-08-10 17:21:59 - InitailizeApplication
[AirAPI] INFO 2023-08-10 17:23:53 - InitailizeApplication
[AirAPI] ERROR 2023-08-10 17:23:53 - uncaughtException: Cannot read properties of undefined (reading 'bgBlack')
TypeError: Cannot read properties of undefined (reading 'bgBlack')
    at Server.<anonymous> (E:\private\noidejs\nodets-pack\src\app\bootstrap.ts:32:32)
    at Object.onceWrapper (node:events:627:28)
    at Server.emit (node:events:513:28)
    at Server.emit (node:domain:489:12)
    at emitListeningNT (node:net:1774:10)
    at processTicksAndRejections (node:internal/process/task_queues:81:21)
[AirAPI] INFO 2023-08-10 17:24:02 - InitailizeApplication
[AirAPI] ERROR 2023-08-10 17:24:02 - uncaughtException: Cannot read properties of undefined (reading 'blue')
TypeError: Cannot read properties of undefined (reading 'blue')
    at Server.<anonymous> (E:\private\noidejs\nodets-pack\src\app\bootstrap.ts:32:32)
    at Object.onceWrapper (node:events:627:28)
    at Server.emit (node:events:513:28)
    at Server.emit (node:domain:489:12)
    at emitListeningNT (node:net:1774:10)
    at processTicksAndRejections (node:internal/process/task_queues:81:21)
[AirAPI] INFO 2023-08-10 17:25:21 - InitailizeApplication
[AirAPI] INFO 2023-08-10 17:25:30 - InitailizeApplication
[AirAPI] INFO 2023-08-10 17:25:51 - InitailizeApplication
[AirAPI] INFO 2023-08-10 17:26:01 - InitailizeApplication
[AirAPI] INFO 2023-08-10 17:26:14 - InitailizeApplication
[AirAPI] INFO 2023-08-10 17:26:53 - InitailizeApplication
[AirAPI] INFO 2023-08-10 17:26:59 - InitailizeApplication
[AirAPI] INFO 2023-08-10 17:27:05 - InitailizeApplication
[AirAPI] INFO 2023-08-10 17:27:24 - InitailizeApplication
[AirAPI] INFO 2023-08-10 17:27:33 - InitailizeApplication
[AirAPI] INFO 2023-08-10 17:27:50 - InitailizeApplication
[AirAPI] INFO 2023-08-10 17:27:59 - InitailizeApplication
[AirAPI] INFO 2023-08-10 17:28:06 - InitailizeApplication
[AirAPI] INFO 2023-08-10 17:28:40 - InitailizeApplication
[AirAPI] INFO 2023-08-10 17:29:15 - InitailizeApplication
[AirAPI] INFO 2023-08-10 17:30:11 - InitailizeApplication
[AirAPI] INFO 2023-08-10 17:31:16 - InitailizeApplication
[AirAPI] INFO 2023-08-10 17:31:18 - InitailizeApplication
[AirAPI] INFO 2023-08-10 17:31:38 - InitailizeApplication
[AirAPI] INFO 2023-08-10 17:32:25 - InitailizeApplication
[AirAPI] INFO 2023-08-10 17:32:35 - InitailizeApplication
[AirAPI] INFO 2023-08-10 17:32:55 - InitailizeApplication
[AirAPI] INFO 2023-08-10 17:33:15 - InitailizeApplication
[AirAPI] INFO 2023-08-10 17:34:12 - InitailizeApplication
[AirAPI] INFO 2023-08-10 17:35:43 - InitailizeApplication
[AirAPI] INFO 2023-08-10 17:36:10 - InitailizeApplication
[AirAPI] INFO 2023-08-10 17:36:16 - InitailizeApplication
[AirAPI] INFO 2023-08-10 17:36:45 - InitailizeApplication
[AirAPI] INFO 2023-08-10 17:37:14 - InitailizeApplication
[AirAPI] INFO 2023-08-10 17:37:37 - InitailizeApplication
[AirAPI] INFO 2023-08-10 17:38:08 - InitailizeApplication
[AirAPI] INFO 2023-08-10 17:38:17 - InitailizeApplication
[AirAPI] INFO 2023-08-10 17:38:54 - InitailizeApplication
[AirAPI] INFO 2023-08-10 17:38:57 - InitailizeApplication
[AirAPI] INFO 2023-08-10 18:42:34 - InitailizeApplication
[AirAPI] INFO 2023-08-10 18:43:18 - InitailizeApplication
[AirAPI] INFO 2023-08-10 18:43:54 - InitailizeApplication
[AirAPI] INFO 2023-08-10 18:45:51 - InitailizeApplication
[AirAPI] INFO 2023-08-10 18:46:05 - InitailizeApplication
[AirAPI] INFO 2023-08-10 18:46:36 - InitailizeApplication
[AirAPI] INFO 2023-08-10 18:46:39 - InitailizeApplication
[AirAPI] INFO 2023-08-10 18:47:23 - InitailizeApplication
[AirAPI] INFO 2023-08-10 18:47:36 - InitailizeApplication
[AirAPI] INFO 2023-08-10 18:47:47 - InitailizeApplication
[AirAPI] INFO 2023-08-10 18:47:49 - InitailizeApplication
[AirAPI] INFO 2023-08-10 18:48:15 - InitailizeApplication
[AirAPI] INFO 2023-08-10 18:48:20 - InitailizeApplication
[AirAPI] INFO 2023-08-10 18:48:36 - InitailizeApplication
[AirAPI] INFO 2023-08-10 18:50:46 - InitailizeApplication
[AirAPI] INFO 2023-08-10 18:51:27 - InitailizeApplication
[AirAPI] INFO 2023-08-10 18:51:33 - InitailizeApplication
[AirAPI] INFO 2023-08-10 18:51:36 - InitailizeApplication
[AirAPI] INFO 2023-08-10 18:51:46 - InitailizeApplication
[AirAPI] INFO 2023-08-10 18:52:02 - InitailizeApplication
[AirAPI] INFO 2023-08-10 18:52:45 - InitailizeApplication
[AirAPI] INFO 2023-08-10 18:52:49 - InitailizeApplication
[AirAPI] INFO 2023-08-10 18:53:36 - InitailizeApplication
[AirAPI] INFO 2023-08-10 18:53:53 - InitailizeApplication
[AirAPI] INFO 2023-08-10 18:54:04 - InitailizeApplication
[AirAPI] INFO 2023-08-10 18:54:26 - InitailizeApplication
[AirAPI] INFO 2023-08-10 18:54:50 - InitailizeApplication
[AirAPI] INFO 2023-08-10 18:54:53 - InitailizeApplication
[AirAPI] INFO 2023-08-10 18:55:01 - InitailizeApplication
[AirAPI] INFO 2023-08-10 18:55:26 - InitailizeApplication
[AirAPI] INFO 2023-08-10 18:55:36 - InitailizeApplication
[AirAPI] INFO 2023-08-10 18:55:50 - InitailizeApplication
[AirAPI] INFO 2023-08-10 18:56:01 - InitailizeApplication
[AirAPI] INFO 2023-08-10 18:56:10 - InitailizeApplication
[AirAPI] INFO 2023-08-10 18:56:21 - InitailizeApplication
[AirAPI] INFO 2023-08-10 18:56:32 - InitailizeApplication
[AirAPI] INFO 2023-08-10 19:00:29 - InitailizeApplication
[AirAPI] INFO 2023-08-10 19:01:00 - InitailizeApplication
[AirAPI] INFO 2023-08-10 19:01:21 - InitailizeApplication
[AirAPI] INFO 2023-08-10 19:01:33 - InitailizeApplication
[AirAPI] INFO 2023-08-10 19:01:42 - InitailizeApplication
[AirAPI] INFO 2023-08-10 19:01:56 - InitailizeApplication
[AirAPI] INFO 2023-08-10 19:02:06 - InitailizeApplication
[AirAPI] INFO 2023-08-10 19:02:12 - InitailizeApplication
[AirAPI] INFO 2023-08-10 19:02:22 - InitailizeApplication
[AirAPI] INFO 2023-08-10 19:02:35 - InitailizeApplication
[AirAPI] INFO 2023-08-10 19:02:47 - InitailizeApplication
[AirAPI] INFO 2023-08-10 19:02:52 - InitailizeApplication
[AirAPI] INFO 2023-08-10 19:03:03 - InitailizeApplication
[AirAPI] INFO 2023-08-10 19:03:27 - InitailizeApplication
[AirAPI] INFO 2023-08-10 19:03:30 - InitailizeApplication
[AirAPI] INFO 2023-08-10 19:03:43 - InitailizeApplication
[AirAPI] INFO 2023-08-10 19:03:52 - InitailizeApplication
[AirAPI] INFO 2023-08-10 19:06:34 - InitailizeApplication
[AirAPI] INFO 2023-08-10 19:07:11 - InitailizeApplication
[AirAPI] INFO 2023-08-10 19:07:23 - InitailizeApplication
[AirAPI] INFO 2023-08-10 19:07:30 - InitailizeApplication
[AirAPI] INFO 2023-08-10 19:07:46 - InitailizeApplication
[AirAPI] INFO 2023-08-10 19:08:09 - InitailizeApplication
[AirAPI] INFO 2023-08-10 19:08:17 - InitailizeApplication
[AirAPI] INFO 2023-08-10 19:08:58 - InitailizeApplication
[AirAPI] INFO 2023-08-10 19:09:07 - InitailizeApplication
[AirAPI] INFO 2023-08-10 19:09:09 - InitailizeApplication
[AirAPI] INFO 2023-08-10 19:11:42 - InitailizeApplication
[AirAPI] INFO 2023-08-10 19:11:45 - InitailizeApplication
[AirAPI] INFO 2023-08-10 19:12:28 - InitailizeApplication
[AirAPI] INFO 2023-08-10 19:12:59 - InitailizeApplication
[AirAPI] INFO 2023-08-10 19:13:03 - InitailizeApplication
[AirAPI] INFO 2023-08-10 19:14:53 - InitailizeApplication
[AirAPI] INFO 2023-08-10 19:15:04 - InitailizeApplication
[AirAPI] INFO 2023-08-10 19:15:38 - InitailizeApplication
[AirAPI] INFO 2023-08-10 19:18:15 - InitailizeApplication
[AirAPI] INFO 2023-08-10 19:20:01 - InitailizeApplication
[AirAPI] INFO 2023-08-10 19:20:50 - InitailizeApplication
[AirAPI] INFO 2023-08-10 19:21:22 - InitailizeApplication
[AirAPI] INFO 2023-08-10 19:22:04 - InitailizeApplication
[AirAPI] INFO 2023-08-10 19:26:18 - InitailizeApplication
[AirAPI] INFO 2023-08-10 19:27:16 - InitailizeApplication
[AirAPI] INFO 2023-08-10 19:27:49 - InitailizeApplication
[AirAPI] INFO 2023-08-10 19:28:23 - InitailizeApplication
[AirAPI] INFO 2023-08-10 19:30:23 - InitailizeApplication
[AirAPI] INFO 2023-08-10 19:30:43 - InitailizeApplication
[AirAPI] INFO 2023-08-10 19:32:06 - InitailizeApplication
[AirAPI] INFO 2023-08-10 19:32:29 - InitailizeApplication
[AirAPI] INFO 2023-08-10 19:32:35 - InitailizeApplication
[AirAPI] INFO 2023-08-10 19:32:39 - InitailizeApplication
[AirAPI] INFO 2023-08-10 19:32:44 - InitailizeApplication
[AirAPI] INFO 2023-08-10 19:33:03 - InitailizeApplication
[AirAPI] INFO 2023-08-10 19:33:11 - InitailizeApplication
[AirAPI] INFO 2023-08-10 19:34:16 - InitailizeApplication
[AirAPI] INFO 2023-08-10 19:34:26 - InitailizeApplication
[AirAPI] INFO 2023-08-10 19:34:41 - InitailizeApplication
[AirAPI] INFO 2023-08-10 19:36:50 - InitailizeApplication
[AirAPI] INFO 2023-08-10 19:37:09 - InitailizeApplication
[AirAPI] INFO 2023-08-10 19:38:14 - InitailizeApplication
[AirAPI] INFO 2023-08-10 19:39:22 - InitailizeApplication
[AirAPI] INFO 2023-08-10 19:42:07 - InitailizeApplication
[AirAPI] INFO 2023-08-10 19:42:17 - InitailizeApplication
[AirAPI] INFO 2023-08-10 19:42:47 - InitailizeApplication
[AirAPI] INFO 2023-08-10 19:42:56 - InitailizeApplication
[AirAPI] INFO 2023-08-10 19:43:38 - InitailizeApplication
[AirAPI] INFO 2023-08-10 19:43:43 - InitailizeApplication
[AirAPI] INFO 2023-08-10 19:43:58 - InitailizeApplication
[AirAPI] INFO 2023-08-10 19:44:49 - InitailizeApplication
[AirAPI] INFO 2023-08-10 19:44:57 - InitailizeApplication
[AirAPI] INFO 2023-08-10 19:45:47 - InitailizeApplication
[AirAPI] INFO 2023-08-10 19:46:04 - InitailizeApplication
[AirAPI] INFO 2023-08-10 19:46:16 - InitailizeApplication
[AirAPI] INFO 2023-08-10 19:46:38 - InitailizeApplication
[AirAPI] INFO 2023-08-10 19:47:11 - InitailizeApplication
[AirAPI] INFO 2023-08-10 19:47:31 - InitailizeApplication
[AirAPI] INFO 2023-08-10 19:47:40 - InitailizeApplication
[AirAPI] INFO 2023-08-10 19:47:48 - InitailizeApplication
[AirAPI] INFO 2023-08-10 19:48:15 - InitailizeApplication
[AirAPI] INFO 2023-08-10 19:49:05 - InitailizeApplication
[AirAPI] INFO 2023-08-10 19:50:43 - InitailizeApplication
[AirAPI] INFO 2023-08-10 19:50:55 - InitailizeApplication
[AirAPI] INFO 2023-08-10 19:50:59 - InitailizeApplication
[AirAPI] INFO 2023-08-10 19:51:11 - InitailizeApplication
[AirAPI] INFO 2023-08-10 19:51:21 - InitailizeApplication
[AirAPI] INFO 2023-08-10 19:52:19 - InitailizeApplication
[AirAPI] INFO 2023-08-10 19:53:52 - InitailizeApplication
[AirAPI] INFO 2023-08-10 19:53:58 - InitailizeApplication
[AirAPI] INFO 2023-08-10 19:54:05 - InitailizeApplication
[AirAPI] INFO 2023-08-10 19:54:46 - InitailizeApplication
[AirAPI] INFO 2023-08-10 19:55:37 - InitailizeApplication
[AirAPI] INFO 2023-08-10 19:58:52 - InitailizeApplication
[AirAPI] INFO 2023-08-10 19:59:20 - InitailizeApplication
[AirAPI] INFO 2023-08-10 20:00:15 - InitailizeApplication
[AirAPI] INFO 2023-08-10 20:00:22 - InitailizeApplication
[AirAPI] INFO 2023-08-10 20:01:25 - InitailizeApplication
[AirAPI] INFO 2023-08-10 20:02:41 - InitailizeApplication
[AirAPI] INFO 2023-08-10 20:02:59 - InitailizeApplication
[AirAPI] INFO 2023-08-10 20:03:04 - InitailizeApplication
[AirAPI] INFO 2023-08-10 20:03:14 - InitailizeApplication
[AirAPI] INFO 2023-08-10 20:03:18 - InitailizeApplication
[AirAPI] INFO 2023-08-10 20:03:53 - InitailizeApplication
[AirAPI] INFO 2023-08-10 20:04:20 - InitailizeApplication
[AirAPI] INFO 2023-08-10 20:04:28 - InitailizeApplication
[AirAPI] INFO 2023-08-10 20:05:30 - InitailizeApplication
[AirAPI] INFO 2023-08-10 20:08:18 - InitailizeApplication
[AirAPI] INFO 2023-08-10 20:08:20 - InitailizeApplication
[AirAPI] INFO 2023-08-10 20:08:59 - InitailizeApplication
[AirAPI] INFO 2023-08-10 20:09:11 - InitailizeApplication
[AirAPI] INFO 2023-08-10 20:09:25 - InitailizeApplication
[AirAPI] INFO 2023-08-10 20:12:13 - InitailizeApplication
[AirAPI] INFO 2023-08-10 20:12:18 - InitailizeApplication
[AirAPI] INFO 2023-08-10 20:13:15 - InitailizeApplication
[AirAPI] INFO 2023-08-10 20:13:17 - InitailizeApplication
[AirAPI] INFO 2023-08-10 20:13:53 - InitailizeApplication
[AirAPI] INFO 2023-08-10 20:15:07 - InitailizeApplication
[AirAPI] INFO 2023-08-10 20:15:34 - InitailizeApplication
[AirAPI] INFO 2023-08-10 20:15:48 - InitailizeApplication
[AirAPI] INFO 2023-08-10 20:16:07 - InitailizeApplication
[AirAPI] INFO 2023-08-10 20:16:29 - InitailizeApplication
[AirAPI] INFO 2023-08-10 20:16:34 - InitailizeApplication
[AirAPI] INFO 2023-08-10 20:16:39 - InitailizeApplication
[AirAPI] INFO 2023-08-10 20:16:41 - InitailizeApplication
[AirAPI] INFO 2023-08-10 20:17:16 - InitailizeApplication
[AirAPI] INFO 2023-08-10 20:17:25 - InitailizeApplication
[AirAPI] INFO 2023-08-10 20:20:14 - InitailizeApplication
[AirAPI] INFO 2023-08-10 20:21:21 - InitailizeApplication
[AirAPI] INFO 2023-08-10 20:22:10 - InitailizeApplication
[AirAPI] INFO 2023-08-10 20:22:42 - InitailizeApplication
[AirAPI] INFO 2023-08-10 20:22:51 - InitailizeApplication
[AirAPI] INFO 2023-08-10 20:23:00 - InitailizeApplication
[AirAPI] INFO 2023-08-10 20:24:04 - InitailizeApplication
[AirAPI] INFO 2023-08-10 20:24:16 - InitailizeApplication
[AirAPI] INFO 2023-08-10 20:25:06 - InitailizeApplication
[AirAPI] INFO 2023-08-10 20:25:20 - InitailizeApplication
[AirAPI] INFO 2023-08-10 20:25:36 - InitailizeApplication
[AirAPI] INFO 2023-08-10 20:25:48 - InitailizeApplication
[AirAPI] INFO 2023-08-10 20:25:58 - InitailizeApplication
[AirAPI] INFO 2023-08-10 20:28:19 - InitailizeApplication
[AirAPI] INFO 2023-08-10 20:28:43 - InitailizeApplication
[AirAPI] INFO 2023-08-10 20:29:40 - InitailizeApplication
[AirAPI] INFO 2023-08-10 20:30:33 - InitailizeApplication
[AirAPI] INFO 2023-08-10 20:30:50 - InitailizeApplication
[AirAPI] INFO 2023-08-10 20:31:37 - InitailizeApplication
[AirAPI] INFO 2023-08-10 20:31:46 - InitailizeApplication
[AirAPI] INFO 2023-08-10 20:32:34 - InitailizeApplication
[AirAPI] INFO 2023-08-10 20:32:57 - InitailizeApplication
[AirAPI] INFO 2023-08-10 20:33:05 - InitailizeApplication
[AirAPI] INFO 2023-08-10 20:33:27 - InitailizeApplication
[AirAPI] INFO 2023-08-10 20:33:39 - InitailizeApplication
[AirAPI] INFO 2023-08-10 20:33:54 - InitailizeApplication
[AirAPI] INFO 2023-08-10 20:34:05 - InitailizeApplication
[AirAPI] INFO 2023-08-10 20:34:23 - InitailizeApplication
[AirAPI] INFO 2023-08-10 20:34:29 - InitailizeApplication
[AirAPI] INFO 2023-08-10 20:34:35 - InitailizeApplication
[AirAPI] INFO 2023-08-10 20:34:44 - InitailizeApplication
[AirAPI] INFO 2023-08-10 20:36:22 - InitailizeApplication
[AirAPI] INFO 2023-08-10 20:36:32 - InitailizeApplication
[AirAPI] INFO 2023-08-10 20:36:42 - InitailizeApplication
[AirAPI] INFO 2023-08-10 20:37:03 - InitailizeApplication
[AirAPI] INFO 2023-08-10 20:37:17 - InitailizeApplication
[AirAPI] INFO 2023-08-10 20:37:26 - InitailizeApplication
[AirAPI] INFO 2023-08-10 20:38:10 - InitailizeApplication
[AirAPI] INFO 2023-08-10 20:38:21 - InitailizeApplication
[AirAPI] INFO 2023-08-10 20:38:53 - InitailizeApplication
[AirAPI] INFO 2023-08-10 20:39:40 - InitailizeApplication
[AirAPI] INFO 2023-08-10 20:40:01 - InitailizeApplication
[AirAPI] INFO 2023-08-10 20:40:07 - InitailizeApplication
[AirAPI] INFO 2023-08-10 20:40:12 - InitailizeApplication
[AirAPI] INFO 2023-08-10 20:40:19 - InitailizeApplication
[AirAPI] INFO 2023-08-10 20:40:36 - InitailizeApplication
[AirAPI] INFO 2023-08-10 20:41:02 - InitailizeApplication
[AirAPI] INFO 2023-08-10 20:41:10 - InitailizeApplication
[AirAPI] INFO 2023-08-10 20:41:19 - InitailizeApplication
[AirAPI] INFO 2023-08-10 20:41:33 - InitailizeApplication
[AirAPI] INFO 2023-08-10 20:41:39 - InitailizeApplication
[AirAPI] INFO 2023-08-10 20:41:54 - InitailizeApplication
[AirAPI] INFO 2023-08-10 20:42:09 - InitailizeApplication
[AirAPI] INFO 2023-08-10 20:42:19 - InitailizeApplication
[AirAPI] INFO 2023-08-10 20:42:26 - InitailizeApplication
[AirAPI] INFO 2023-08-10 20:42:40 - InitailizeApplication
[AirAPI] INFO 2023-08-10 20:42:55 - InitailizeApplication
[AirAPI] INFO 2023-08-10 20:43:50 - InitailizeApplication
[AirAPI] INFO 2023-08-10 20:44:29 - InitailizeApplication
[AirAPI] INFO 2023-08-10 20:45:02 - InitailizeApplication
[AirAPI] INFO 2023-08-10 20:45:31 - InitailizeApplication
[AirAPI] INFO 2023-08-10 20:45:47 - InitailizeApplication
[AirAPI] INFO 2023-08-10 20:46:06 - InitailizeApplication
[AirAPI] INFO 2023-08-10 20:46:26 - InitailizeApplication
[AirAPI] INFO 2023-08-10 20:47:05 - InitailizeApplication
[AirAPI] INFO 2023-08-10 20:47:20 - InitailizeApplication
[AirAPI] INFO 2023-08-10 20:47:47 - InitailizeApplication
[AirAPI] INFO 2023-08-10 20:48:21 - InitailizeApplication
[AirAPI] INFO 2023-08-10 20:48:36 - InitailizeApplication
[AirAPI] INFO 2023-08-10 20:48:51 - InitailizeApplication
[AirAPI] INFO 2023-08-10 20:48:54 - InitailizeApplication
[AirAPI] INFO 2023-08-10 20:49:02 - InitailizeApplication
[AirAPI] INFO 2023-08-10 20:49:23 - InitailizeApplication
[AirAPI] INFO 2023-08-10 20:49:34 - InitailizeApplication
[AirAPI] INFO 2023-08-10 20:49:49 - InitailizeApplication
[AirAPI] INFO 2023-08-10 20:50:38 - InitailizeApplication
[AirAPI] INFO 2023-08-10 20:50:49 - InitailizeApplication
[AirAPI] INFO 2023-08-10 20:51:00 - InitailizeApplication
[AirAPI] INFO 2023-08-10 20:51:09 - InitailizeApplication
[AirAPI] INFO 2023-08-10 20:51:18 - InitailizeApplication
[AirAPI] INFO 2023-08-10 20:51:58 - InitailizeApplication
[AirAPI] INFO 2023-08-10 20:52:08 - InitailizeApplication
[AirAPI] INFO 2023-08-10 20:52:16 - InitailizeApplication
[AirAPI] INFO 2023-08-10 20:52:19 - InitailizeApplication
[AirAPI] INFO 2023-08-10 20:52:39 - InitailizeApplication
[AirAPI] INFO 2023-08-10 20:52:46 - InitailizeApplication
[AirAPI] INFO 2023-08-10 20:52:53 - InitailizeApplication
[AirAPI] INFO 2023-08-10 20:53:14 - InitailizeApplication
[AirAPI] INFO 2023-08-10 20:53:34 - InitailizeApplication
[AirAPI] INFO 2023-08-10 20:53:51 - InitailizeApplication
[AirAPI] INFO 2023-08-10 20:54:03 - InitailizeApplication
[AirAPI] INFO 2023-08-10 20:54:06 - InitailizeApplication
[AirAPI] INFO 2023-08-10 20:54:09 - InitailizeApplication
[AirAPI] INFO 2023-08-10 20:54:30 - InitailizeApplication
[AirAPI] INFO 2023-08-10 20:54:44 - InitailizeApplication
[AirAPI] INFO 2023-08-10 20:55:09 - InitailizeApplication
[AirAPI] INFO 2023-08-10 20:55:11 - InitailizeApplication
[AirAPI] INFO 2023-08-10 20:56:03 - InitailizeApplication
[AirAPI] INFO 2023-08-10 20:57:17 - InitailizeApplication
