[AirAPI] INFO 2023-09-06 10:10:51 - InitailizeApplication
[AirAPI] ERROR 2023-09-06 10:10:53 - New Error Thrown
[AirAPI] INFO 2023-09-06 10:10:53 - Error Handled
[AirAPI] ERROR 2023-09-06 10:10:59 - New Error Thrown
[AirAPI] INFO 2023-09-06 10:10:59 - Error Handled
[AirAPI] ERROR 2023-09-06 10:11:41 - New Error Thrown
[AirAPI] INFO 2023-09-06 10:11:41 - Error Handled
[AirAPI] ERROR 2023-09-06 10:11:47 - New Error Thrown
[AirAPI] INFO 2023-09-06 10:11:47 - Error Handled
[AirAPI] ERROR 2023-09-06 10:11:53 - New Error Thrown
[AirAPI] INFO 2023-09-06 10:11:53 - Error Handled
[AirAPI] INFO 2023-09-06 10:12:51 - InitailizeApplication
[AirAPI] INFO 2023-09-06 10:13:43 - InitailizeApplication
[AirAPI] INFO 2023-09-06 10:13:48 - InitailizeApplication
[AirAPI] INFO 2023-09-06 10:15:05 - InitailizeApplication
[AirAPI] INFO 2023-09-06 10:15:16 - InitailizeApplication
[AirAPI] ERROR 2023-09-06 10:15:22 - New Error Thrown
[AirAPI] INFO 2023-09-06 10:15:22 - Error Handled
[AirAPI] ERROR 2023-09-06 10:15:23 - New Error Thrown
[AirAPI] INFO 2023-09-06 10:15:23 - Error Handled
[AirAPI] INFO 2023-09-06 10:16:29 - InitailizeApplication
[AirAPI] INFO 2023-09-06 10:16:47 - InitailizeApplication
[AirAPI] INFO 2023-09-06 10:17:58 - InitailizeApplication
[AirAPI] INFO 2023-09-06 10:18:00 -  Mail sent successfully to mulayam06@gmail.com,gurinder18@gmail.com [MailResponse]=250 Message received [MessageID]=<ff1b7abe-03a3-2289-4ac8-e21b6a14d62d@enjoys.in>!!
[AirAPI] INFO 2023-09-06 10:18:56 - InitailizeApplication
[AirAPI] INFO 2023-09-06 10:19:25 - InitailizeApplication
[AirAPI] INFO 2023-09-06 10:19:27 -  Mail sent successfully to mulayam06@gmail.com,gurinder18@outlook.com [MailResponse]=250 Message received [MessageID]=<39b60e46-1a0d-47be-1c82-5a0dcb0d80b4@enjoys.in>!!
[AirAPI] INFO 2023-09-06 10:20:04 - InitailizeApplication
[AirAPI] INFO 2023-09-06 10:20:06 -  Mail sent successfully to mulayam06@gmail.com,gurinder18@outlook.com [MailResponse]=250 Message received [MessageID]=<dafbd2ef-acd5-9cd3-4a45-6e4cf43d553e@enjoys.in>!!
[AirAPI] INFO 2023-09-06 10:22:22 - InitailizeApplication
[AirAPI] INFO 2023-09-06 10:22:29 -  Mail sent successfully to mulayam06@gmail.com,gurinder18@outlook.com [MailResponse]=250 Message received [MessageID]=<2b2b5763-4bdd-5188-a830-b49dcc84821a@enjoys.in>!!
[AirAPI] INFO 2023-09-06 10:23:54 - InitailizeApplication
[AirAPI] INFO 2023-09-06 10:24:27 - InitailizeApplication
[AirAPI] INFO 2023-09-06 14:04:36 - InitailizeApplication
[AirAPI] ERROR 2023-09-06 14:06:16 - New Error Thrown
[AirAPI] INFO 2023-09-06 14:06:16 - Error Handled
[AirAPI] INFO 2023-09-06 14:06:21 -  Mail sent successfully to mullayam06@gmail.com,gurinder18@outlook.com [MailResponse]=250 Message received [MessageID]=<75007420-98bf-9604-e5c1-6d270ed02cfa@enjoys.in>!!
[AirAPI] INFO 2023-09-06 16:29:01 - InitailizeApplication
[AirAPI] ERROR 2023-09-06 16:29:04 - New Error Thrown
[AirAPI] INFO 2023-09-06 16:29:04 - Error Handled
[AirAPI] INFO 2023-09-06 16:29:09 -  Mail sent successfully to mullayam06@gmail.com,gurinder18@outlook.com [MailResponse]=250 Message received [MessageID]=<61f7d4fa-72fc-aefd-e1a7-ffe1a4e6c808@enjoys.in>!!
[AirAPI] INFO 2023-09-06 16:29:48 -  Mail sent successfully to mullayam06@gmail.com,gurinder18@outlook.com [MailResponse]=250 Message received [MessageID]=<8b89cf43-2fd6-2d28-e6c1-a0ef3e17bce7@enjoys.in>!!
[AirAPI] INFO 2023-09-06 18:08:50 - InitailizeApplication
[AirAPI] ERROR 2023-09-06 18:09:07 - New Error Thrown
[AirAPI] INFO 2023-09-06 18:09:07 - Error Handled
[AirAPI] INFO 2023-09-06 18:09:11 -  Mail sent successfully to mullayam06@gmail.com,gurinder18@outlook.com [MailResponse]=250 Message received [MessageID]=<146065c4-38fa-3063-6618-93af5b32cc0d@enjoys.in>!!
[AirAPI] INFO 2023-09-06 18:10:28 -  Mail sent successfully to mullayam06@gmail.com,gurinder18@outlook.com [MailResponse]=250 Message received [MessageID]=<16768cef-7ddb-4209-57de-10e3c3b82321@enjoys.in>!!
[AirAPI] INFO 2023-09-06 18:14:14 - InitailizeApplication
[AirAPI] INFO 2023-09-06 18:31:15 -  Mail sent successfully to mullayam06@gmail.com [MailResponse]=250 Message received [MessageID]=<4270614e-bc12-cd6f-4501-c93b77fdcf38@enjoys.in>!!
[AirAPI] INFO 2023-09-06 18:37:09 -  Mail sent successfully to mullayam06@gmail.com [MailResponse]=250 Message received [MessageID]=<b6164659-c6d0-81aa-7e7b-defd7fbc9d02@enjoys.in>!!
[AirAPI] INFO 2023-09-06 18:43:21 -  Mail sent successfully to mullayam06@gmail.com [MailResponse]=250 Message received [MessageID]=<13594034-68ca-b917-1141-119964724acc@enjoys.in>!!
[AirAPI] INFO 2023-09-06 18:45:05 -  Mail sent successfully to mullayam06@gmail.com [MailResponse]=250 Message received [MessageID]=<467c5da2-2e98-c3b5-9139-409801fa745e@enjoys.in>!!
[AirAPI] INFO 2023-09-06 18:50:39 -  Mail sent successfully to mullayam06@gmail.com [MailResponse]=250 Message received [MessageID]=<7f5b2415-3c43-2246-3284-8db137639aa0@enjoys.in>!!
[AirAPI] INFO 2023-09-06 19:01:41 -  Mail sent successfully to mullayam06@gmail.com [MailResponse]=250 Message received [MessageID]=<5655d056-ba86-e03a-f811-460da98f55fb@enjoys.in>!!
[AirAPI] INFO 2023-09-06 19:09:51 -  Mail sent successfully to mullayam06@gmail.com [MailResponse]=250 Message received [MessageID]=<fdba22ad-d04c-d090-668d-b7877a53f317@enjoys.in>!!
[AirAPI] INFO 2023-09-06 19:20:43 - InitailizeApplication
[AirAPI] INFO 2023-09-06 19:20:44 -  Mail sent successfully to gurinder18@outlook.com [MailResponse]=250 Message received [MessageID]=<cb66b0a9-9bd6-38ea-27d3-95656483bbca@enjoys.in>!!
[AirAPI] INFO 2023-09-06 19:25:01 -  Mail sent successfully to gurinder18@outlook.com [MailResponse]=250 Message received [MessageID]=<b4cddf58-c4a7-67c9-f772-88648a73b6c2@enjoys.in>!!
[AirAPI] INFO 2023-09-06 19:26:56 - InitailizeApplication
[AirAPI] INFO 2023-09-06 19:26:57 -  Mail sent successfully to zerothsync@gmail.com [MailResponse]=250 Message received [MessageID]=<5f4a41e0-a618-6037-55c9-abedb7f4c0e8@enjoys.in>!!
[AirAPI] INFO 2023-09-06 20:34:49 - InitailizeApplication
[AirAPI] INFO 2023-09-06 20:35:14 - InitailizeApplication
[AirAPI] ERROR 2023-09-06 20:35:15 - New Error Thrown
[AirAPI] INFO 2023-09-06 20:35:15 - Error Handled
[AirAPI] INFO 2023-09-06 20:35:16 -  Mail sent successfully to gurinder18@outlook.com [MailResponse]=250 Message received [MessageID]=<800fa610-1860-9809-31a4-1057d50be68c@enjoys.in>!!
[AirAPI] INFO 2023-09-06 21:03:20 - InitailizeApplication
[AirAPI] INFO 2023-09-06 21:03:37 -  Mail sent successfully to gurinder18@outlook.com,mullayam06@gmail.com [MailResponse]=250 Message received [MessageID]=<4c4bc454-cdcd-ec03-e782-8c3b338d4efc@enjoys.in>!!
[AirAPI] INFO 2023-09-06 21:05:04 -  Mail sent successfully to gurinder18@outlook.com,mullayam06@gmail.com [MailResponse]=250 Message received [MessageID]=<099fb3de-5280-f757-e1cf-04ece210db96@enjoys.in>!!
[AirAPI] INFO 2023-09-06 21:06:35 -  Mail sent successfully to gurinder18@outlook.com,mullayam06@gmail.com [MailResponse]=250 Message received [MessageID]=<31b44a2f-535b-683b-a838-f8ca9bec4d8f@enjoys.in>!!
[AirAPI] INFO 2023-09-06 21:07:40 -  Mail sent successfully to gurinder18@outlook.com,mullayam06@gmail.com [MailResponse]=250 Message received [MessageID]=<67ccef90-f7c5-d6b4-6a8a-d53f7656dce3@enjoys.in>!!
[AirAPI] INFO 2023-09-06 21:16:29 - InitailizeApplication
[AirAPI] INFO 2023-09-06 21:20:50 - InitailizeApplication
[AirAPI] INFO 2023-09-06 21:20:55 -  Mail sent successfully to gurinder18@outlook.com,mullayam06@gmail.com [MailResponse]=250 Message received [MessageID]=<d46a79c0-687a-b47d-47a9-118ca0faa97c@enjoys.in>!!
[AirAPI] INFO 2023-09-06 21:59:51 - InitailizeApplication
[AirAPI] ERROR 2023-09-06 21:59:54 - New Error Thrown
[AirAPI] INFO 2023-09-06 21:59:54 - Error Handled
[AirAPI] INFO 2023-09-06 21:59:58 -  Mail sent successfully to gurinder18@outlook.com,mullayam06@gmail.com [MailResponse]=250 Message received [MessageID]=<c52205f5-986d-ecd3-04cb-622a84fb6edc@enjoys.in>!!
[AirAPI] INFO 2023-09-07 10:20:42 - InitailizeApplication
[AirAPI] ERROR 2023-09-07 10:20:45 - New Error Thrown
[AirAPI] INFO 2023-09-07 10:20:45 - Error Handled
[AirAPI] INFO 2023-09-07 10:20:48 -  Mail sent successfully to anucool@shioft.com [MailResponse]=250 Message received [MessageID]=<801e5e60-f631-5bd9-0725-74a8c7df9d15@enjoys.in>!!
[AirAPI] INFO 2023-09-07 10:25:25 - InitailizeApplication
[AirAPI] INFO 2023-09-07 10:26:13 - InitailizeApplication
[AirAPI] INFO 2023-09-07 10:26:30 - InitailizeApplication
[AirAPI] ERROR 2023-09-07 10:26:30 - New Error Thrown
[AirAPI] INFO 2023-09-07 10:26:30 - Error Handled
[AirAPI] INFO 2023-09-07 10:26:34 -  Mail sent successfully to anucool@shioft.com [MailResponse]=250 Message received [MessageID]=<bcb8091b-395d-c902-db1d-1cfc48624d22@enjoys.in>!!
[AirAPI] INFO 2023-09-07 18:14:25 - InitailizeApplication
[AirAPI] INFO 2023-09-07 18:14:43 - InitailizeApplication
[AirAPI] ERROR 2023-09-07 18:16:20 - New Error Thrown
[AirAPI] INFO 2023-09-07 18:16:20 - Error Handled
[AirAPI] INFO 2023-09-07 18:16:22 -  Mail sent successfully to gurinder18@outlook.com,mullayam06@gmail.com [MailResponse]=250 Message received [MessageID]=<f2a6c12c-082f-9f18-6048-615deee3dbd9@enjoys.in>!!
[AirAPI] INFO 2023-09-07 18:41:24 -  Mail sent successfully to gurinder18@outlook.com,mullayam06@gmail.com [MailResponse]=250 Message received [MessageID]=<10a80b2d-9ace-396d-1c08-0748dc3e446c@enjoys.in>!!
[AirAPI] INFO 2023-09-07 18:55:03 -  Mail sent successfully to gurinder18@outlook.com,mullayam06@gmail.com [MailResponse]=250 Message received [MessageID]=<10be0314-986f-c8ac-b2cd-8d3b72506297@enjoys.in>!!
[AirAPI] INFO 2023-09-07 19:15:19 -  Mail sent successfully to gurinder18@outlook.com,mullayam06@gmail.com [MailResponse]=250 Message received [MessageID]=<50212b66-b379-b025-9b3f-5ce5736e215b@enjoys.in>!!
[AirAPI] INFO 2023-09-07 19:17:30 -  Mail sent successfully to gurinder18@outlook.com,mullayam06@gmail.com [MailResponse]=250 Message received [MessageID]=<7f5f1b8e-74ed-f937-47dc-66d016efcf9c@enjoys.in>!!
[AirAPI] INFO 2023-09-07 19:19:43 - InitailizeApplication
[AirAPI] INFO 2023-09-07 19:19:46 -  Mail sent successfully to anucool@shioft.com [MailResponse]=250 Message received [MessageID]=<3fc3575d-29a3-b690-3558-d0929d62bca6@enjoys.in>!!
[AirAPI] INFO 2023-09-07 19:51:56 - InitailizeApplication
[AirAPI] ERROR 2023-09-07 19:51:59 - New Error Thrown
[AirAPI] INFO 2023-09-07 19:51:59 - Error Handled
[AirAPI] INFO 2023-09-07 19:52:02 -  Mail sent successfully to anucool@shioft.com [MailResponse]=250 Message received [MessageID]=<633d5687-b795-d0fc-8acd-379b519cec05@enjoys.in>!!
[AirAPI] INFO 2023-09-08 21:45:36 - InitailizeApplication
[AirAPI] INFO 2023-09-08 21:46:01 -  Mail sent successfully to anucool@shioft.com [MailResponse]=250 Message received [MessageID]=<21d9b092-82b7-41d9-9c8c-2fc8fc1251cf@enjoys.in>!!
[AirAPI] INFO 2023-09-08 21:46:21 - InitailizeApplication
[AirAPI] INFO 2023-09-08 21:46:22 -  Mail sent successfully to gurinder18@outlook.com [MailResponse]=250 Message received [MessageID]=<a0a5fd62-37a8-ffef-16d4-ba6243e0a5d1@enjoys.in>!!
[AirAPI] INFO 2023-09-08 22:10:12 -  Mail sent successfully to gurinder18@outlook.com [MailResponse]=250 Message received [MessageID]=<48d97919-fe0c-8fdd-e1b4-69c6c02848b5@enjoys.in>!!
[AirAPI] INFO 2023-09-08 23:58:33 - InitailizeApplication
[AirAPI] INFO 2023-09-08 23:58:44 -  Mail sent successfully to gurinder18@outlook.com [MailResponse]=250 Message received [MessageID]=<c27f926a-622c-4721-47e3-3fbbcdf6081c@enjoys.in>!!
[AirAPI] INFO 2023-09-09 00:10:25 -  Mail sent successfully to gurinder18@outlook.com [MailResponse]=250 Message received [MessageID]=<33ae5312-dca7-84e4-1e72-110d780f1c0f@enjoys.in>!!
[AirAPI] INFO 2023-09-09 00:22:20 -  Mail sent successfully to gurinder18@outlook.com [MailResponse]=250 Message received [MessageID]=<1c4cd1ac-1e72-1a28-501f-02894b6c5b18@enjoys.in>!!
[AirAPI] INFO 2023-09-09 00:26:15 -  Mail sent successfully to gurinder18@outlook.com [MailResponse]=250 Message received [MessageID]=<f6d5443a-b756-2e56-8de3-b73a77d73419@enjoys.in>!!
[AirAPI] INFO 2023-09-09 00:27:08 -  Mail sent successfully to gurinder18@outlook.com [MailResponse]=250 Message received [MessageID]=<8bebd939-ec39-0392-a7a8-324a26a5d6d3@enjoys.in>!!
[AirAPI] INFO 2023-09-09 00:29:13 -  Mail sent successfully to gurinder18@outlook.com [MailResponse]=250 Message received [MessageID]=<ad4a3e68-aebc-bf95-9a5f-d00e70574948@enjoys.in>!!
[AirAPI] INFO 2023-09-09 00:31:49 -  Mail sent successfully to gurinder18@outlook.com [MailResponse]=250 Message received [MessageID]=<68ec7c5e-4d13-79f6-8654-f4cff593a228@enjoys.in>!!
[AirAPI] INFO 2023-09-09 00:52:25 -  Mail sent successfully to gurinder18@outlook.com [MailResponse]=250 Message received [MessageID]=<792b3d3a-e36e-594b-439b-0c36d37eb00e@enjoys.in>!!
[AirAPI] INFO 2023-09-09 00:55:53 -  Mail sent successfully to gurinder18@outlook.com [MailResponse]=250 Message received [MessageID]=<57c51960-4928-37f6-9867-da54884ecf6d@enjoys.in>!!
[AirAPI] INFO 2023-09-09 01:18:02 -  Mail sent successfully to gurinder18@outlook.com [MailResponse]=250 Message received [MessageID]=<bf8f23cf-60f2-25eb-5d83-3d41ea38f67b@enjoys.in>!!
[AirAPI] INFO 2023-09-09 01:21:09 -  Mail sent successfully to gurinder18@outlook.com [MailResponse]=250 Message received [MessageID]=<be165388-8f4c-3e6f-7e2d-1371a7675773@enjoys.in>!!
[AirAPI] INFO 2023-09-09 01:21:57 -  Mail sent successfully to gurinder18@outlook.com [MailResponse]=250 Message received [MessageID]=<1c8c082d-bdcc-226a-98c4-708e338e8f23@enjoys.in>!!
[AirAPI] INFO 2023-09-25 20:14:08 - InitailizeApplication
[AirAPI] INFO 2023-09-25 20:14:18 - InitailizeApplication
[AirAPI] INFO 2023-09-25 20:14:29 - InitailizeApplication
[AirAPI] INFO 2023-09-25 20:50:15 - InitailizeApplication
[AirAPI] ERROR 2023-09-25 20:50:18 - New Error Thrown
[AirAPI] INFO 2023-09-25 20:50:18 - Error Handled
[AirAPI] INFO 2023-09-25 20:51:53 - InitailizeApplication
[AirAPI] INFO 2023-09-25 20:52:05 - InitailizeApplication
[AirAPI] INFO 2023-09-25 20:52:24 - InitailizeApplication
[AirAPI] INFO 2023-09-25 20:52:53 - InitailizeApplication
[AirAPI] INFO 2023-09-25 20:53:29 - InitailizeApplication
[AirAPI] INFO 2023-09-25 20:55:42 - InitailizeApplication
[AirAPI] INFO 2023-09-25 20:55:59 - InitailizeApplication
[AirAPI] INFO 2023-09-25 20:58:23 - InitailizeApplication
[AirAPI] INFO 2023-09-25 20:59:14 - InitailizeApplication
[AirAPI] INFO 2023-09-25 21:00:10 - InitailizeApplication
[AirAPI] INFO 2023-09-25 21:00:13 - InitailizeApplication
[AirAPI] INFO 2023-09-25 21:25:43 - InitailizeApplication
[AirAPI] INFO 2023-09-25 22:09:46 - InitailizeApplication
[AirAPI] INFO 2023-09-25 22:13:27 - InitailizeApplication
[AirAPI] INFO 2023-09-25 22:13:52 - InitailizeApplication
[AirAPI] INFO 2023-09-25 22:14:13 - InitailizeApplication
[AirAPI] INFO 2023-09-25 22:14:36 - InitailizeApplication
[AirAPI] INFO 2023-09-25 22:15:17 - InitailizeApplication
[AirAPI] INFO 2023-09-25 22:15:35 - InitailizeApplication
[AirAPI] INFO 2023-09-25 22:15:44 - InitailizeApplication
[AirAPI] INFO 2023-09-25 22:15:49 - InitailizeApplication
[AirAPI] INFO 2023-09-25 22:16:08 - InitailizeApplication
[AirAPI] INFO 2023-09-25 22:16:22 - InitailizeApplication
[AirAPI] INFO 2023-09-25 22:16:39 - InitailizeApplication
[AirAPI] INFO 2023-09-25 22:17:18 - InitailizeApplication
[AirAPI] ERROR 2023-09-25 22:17:27 - New Error Thrown
[AirAPI] INFO 2023-09-25 22:17:27 - Error Handled
[AirAPI] ERROR 2023-09-25 22:17:41 - New Error Thrown
[AirAPI] INFO 2023-09-25 22:17:41 - Error Handled
[AirAPI] INFO 2023-09-25 22:18:01 - InitailizeApplication
[AirAPI] ERROR 2023-09-25 22:18:02 - New Error Thrown
[AirAPI] INFO 2023-09-25 22:18:02 - Error Handled
[AirAPI] INFO 2023-09-25 22:18:17 - InitailizeApplication
[AirAPI] INFO 2023-09-25 22:18:46 - InitailizeApplication
[AirAPI] INFO 2023-09-25 22:21:21 - InitailizeApplication
[AirAPI] INFO 2023-09-25 22:21:40 - InitailizeApplication
[AirAPI] INFO 2023-09-25 22:21:50 - InitailizeApplication
[AirAPI] INFO 2023-09-25 22:22:41 - InitailizeApplication
[AirAPI] INFO 2023-09-25 22:22:59 - InitailizeApplication
[AirAPI] INFO 2023-09-25 22:23:07 - InitailizeApplication
[AirAPI] INFO 2023-09-25 22:23:32 - InitailizeApplication
[AirAPI] INFO 2023-09-25 22:23:48 - InitailizeApplication
[AirAPI] INFO 2023-09-25 22:24:55 - InitailizeApplication
[AirAPI] ERROR 2023-09-25 22:24:58 - New Error Thrown
[AirAPI] INFO 2023-09-25 22:24:58 - Error Handled
[AirAPI] ERROR 2023-09-25 22:25:04 - New Error Thrown
[AirAPI] INFO 2023-09-25 22:25:04 - Error Handled
[AirAPI] INFO 2023-09-25 22:25:22 - InitailizeApplication
[AirAPI] ERROR 2023-09-25 22:25:28 - New Error Thrown
[AirAPI] INFO 2023-09-25 22:25:28 - Error Handled
[AirAPI] INFO 2023-09-25 22:25:52 - InitailizeApplication
[AirAPI] INFO 2023-09-25 22:26:29 - InitailizeApplication
[AirAPI] INFO 2023-09-25 22:26:44 - InitailizeApplication
[AirAPI] INFO 2023-09-25 22:27:28 - InitailizeApplication
[AirAPI] ERROR 2023-09-25 22:27:31 - New Error Thrown
[AirAPI] INFO 2023-09-25 22:27:31 - Error Handled
[AirAPI] ERROR 2023-09-25 22:27:40 - New Error Thrown
[AirAPI] INFO 2023-09-25 22:27:40 - Error Handled
[AirAPI] INFO 2023-09-25 22:28:07 - InitailizeApplication
[AirAPI] INFO 2023-09-25 22:28:17 - InitailizeApplication
[AirAPI] INFO 2023-09-25 22:28:56 - InitailizeApplication
[AirAPI] INFO 2023-09-25 22:29:02 - InitailizeApplication
[AirAPI] INFO 2023-09-25 22:29:18 - InitailizeApplication
[AirAPI] INFO 2023-09-25 22:29:35 - InitailizeApplication
[AirAPI] ERROR 2023-09-25 22:29:44 - New Error Thrown
[AirAPI] INFO 2023-09-25 22:29:44 - Error Handled
[AirAPI] INFO 2023-09-25 22:30:26 - InitailizeApplication
[AirAPI] ERROR 2023-09-25 22:30:31 - New Error Thrown
[AirAPI] INFO 2023-09-25 22:30:31 - Error Handled
[AirAPI] INFO 2023-09-25 22:31:16 - InitailizeApplication
[AirAPI] INFO 2023-09-25 22:31:39 - InitailizeApplication
[AirAPI] INFO 2023-09-25 22:32:18 - InitailizeApplication
[AirAPI] INFO 2023-09-25 22:33:51 - InitailizeApplication
[AirAPI] INFO 2023-09-25 22:34:13 - InitailizeApplication
[AirAPI] ERROR 2023-09-25 22:34:14 - New Error Thrown
[AirAPI] INFO 2023-09-25 22:34:14 - Error Handled
[AirAPI] INFO 2023-09-25 22:34:49 - InitailizeApplication
[AirAPI] ERROR 2023-09-25 22:34:49 - New Error Thrown
[AirAPI] INFO 2023-09-25 22:34:49 - Error Handled
[AirAPI] INFO 2023-09-25 22:35:01 - InitailizeApplication
[AirAPI] INFO 2023-09-25 22:35:09 - InitailizeApplication
[AirAPI] ERROR 2023-09-25 22:35:16 - New Error Thrown
[AirAPI] INFO 2023-09-25 22:35:16 - Error Handled
[AirAPI] INFO 2023-09-25 22:35:57 - InitailizeApplication
[AirAPI] INFO 2023-09-25 22:36:19 - InitailizeApplication
[AirAPI] INFO 2023-09-25 22:36:24 - InitailizeApplication
[AirAPI] ERROR 2023-09-25 22:36:41 - New Error Thrown
[AirAPI] INFO 2023-09-25 22:36:41 - Error Handled
[AirAPI] ERROR 2023-09-25 22:36:49 - New Error Thrown
[AirAPI] INFO 2023-09-25 22:36:49 - Error Handled
[AirAPI] INFO 2023-09-25 22:37:36 - InitailizeApplication
[AirAPI] INFO 2023-09-25 22:38:09 - InitailizeApplication
[AirAPI] INFO 2023-09-25 22:39:13 - InitailizeApplication
[AirAPI] ERROR 2023-09-25 22:39:18 - New Error Thrown
[AirAPI] INFO 2023-09-25 22:39:18 - Error Handled
[AirAPI] INFO 2023-09-25 22:40:07 - InitailizeApplication
[AirAPI] INFO 2023-09-25 22:40:28 - InitailizeApplication
[AirAPI] INFO 2023-09-25 22:41:02 - InitailizeApplication
[AirAPI] INFO 2023-09-25 22:42:18 - InitailizeApplication
[AirAPI] INFO 2023-09-25 22:42:27 - InitailizeApplication
[AirAPI] INFO 2023-09-25 22:42:55 - InitailizeApplication
[AirAPI] INFO 2023-09-25 22:43:29 - InitailizeApplication
[AirAPI] INFO 2023-10-11 15:23:57 - InitailizeApplication
[AirAPI] INFO 2023-10-11 15:24:27 - InitailizeApplication
[AirAPI] INFO 2023-10-11 15:25:54 - InitailizeApplication
[AirAPI] INFO 2023-10-11 15:26:59 - InitailizeApplication
[AirAPI] INFO 2023-10-11 15:27:12 - InitailizeApplication
[AirAPI] INFO 2023-10-11 15:27:26 - InitailizeApplication
[AirAPI] INFO 2023-10-11 15:28:29 - InitailizeApplication
[AirAPI] INFO 2023-10-11 15:29:39 - InitailizeApplication
[AirAPI] INFO 2023-10-11 15:30:05 - InitailizeApplication
[AirAPI] INFO 2023-10-11 15:30:20 - InitailizeApplication
[AirAPI] INFO 2023-10-11 15:30:52 - InitailizeApplication
[AirAPI] INFO 2023-10-11 15:31:01 - InitailizeApplication
[AirAPI] INFO 2023-10-11 15:31:12 - InitailizeApplication
[AirAPI] INFO 2023-10-11 15:31:39 - InitailizeApplication
[AirAPI] INFO 2023-10-11 15:34:37 - InitailizeApplication
[AirAPI] INFO 2023-10-11 15:35:00 - InitailizeApplication
[AirAPI] INFO 2023-10-11 15:35:08 - InitailizeApplication
[AirAPI] INFO 2023-10-11 15:35:15 - InitailizeApplication
[AirAPI] INFO 2023-10-11 15:35:32 - InitailizeApplication
[AirAPI] INFO 2023-10-11 15:35:46 - InitailizeApplication
[AirAPI] INFO 2023-10-11 15:35:54 - InitailizeApplication
[AirAPI] INFO 2023-10-11 15:35:59 - InitailizeApplication
[AirAPI] INFO 2023-10-11 15:36:49 - InitailizeApplication
[AirAPI] INFO 2023-10-11 15:37:06 - InitailizeApplication
[AirAPI] INFO 2023-10-11 15:37:27 - InitailizeApplication
[AirAPI] INFO 2023-10-11 15:37:57 - InitailizeApplication
[AirAPI] INFO 2023-10-11 15:38:16 - InitailizeApplication
[AirAPI] INFO 2023-10-11 15:38:35 - InitailizeApplication
[AirAPI] INFO 2023-10-11 15:39:03 - InitailizeApplication
[AirAPI] INFO 2023-10-11 15:39:18 - InitailizeApplication
[AirAPI] INFO 2023-10-11 15:39:31 - InitailizeApplication
[AirAPI] INFO 2023-10-11 15:40:00 - InitailizeApplication
[AirAPI] INFO 2023-10-11 15:40:09 - InitailizeApplication
[AirAPI] INFO 2023-10-11 15:40:48 - InitailizeApplication
[AirAPI] ERROR 2023-10-11 15:40:50 - New Error Thrown
[AirAPI] INFO 2023-10-11 15:40:50 - Error Handled
[AirAPI] INFO 2023-10-11 15:42:16 - InitailizeApplication
[AirAPI] INFO 2023-10-11 15:42:59 - InitailizeApplication
[AirAPI] INFO 2023-10-11 15:43:22 - InitailizeApplication
[AirAPI] INFO 2023-10-11 15:43:39 - InitailizeApplication
[AirAPI] INFO 2023-10-11 15:44:31 - InitailizeApplication
[AirAPI] INFO 2023-10-11 15:45:56 - InitailizeApplication
[AirAPI] INFO 2023-10-11 15:46:03 - InitailizeApplication
[AirAPI] INFO 2023-10-11 15:47:45 - InitailizeApplication
[AirAPI] INFO 2023-10-11 15:47:54 - InitailizeApplication
[AirAPI] INFO 2023-10-11 15:49:40 - InitailizeApplication
[AirAPI] INFO 2023-10-11 15:50:42 - InitailizeApplication
[AirAPI] INFO 2023-10-11 15:51:43 - InitailizeApplication
[AirAPI] INFO 2023-10-11 15:52:01 - InitailizeApplication
[AirAPI] INFO 2023-10-11 15:52:17 - InitailizeApplication
[AirAPI] INFO 2023-10-11 15:53:03 - InitailizeApplication
[AirAPI] INFO 2023-10-11 15:53:26 - InitailizeApplication
[AirAPI] INFO 2023-10-11 15:55:38 - InitailizeApplication
[AirAPI] INFO 2023-10-11 15:55:47 - InitailizeApplication
[AirAPI] INFO 2023-10-11 15:57:37 - InitailizeApplication
[AirAPI] INFO 2023-10-11 15:58:44 - InitailizeApplication
[AirAPI] ERROR 2023-10-11 15:58:44 - New Error Thrown
[AirAPI] INFO 2023-10-11 15:58:44 - Error Handled
[AirAPI] INFO 2023-10-11 15:59:19 - InitailizeApplication
[AirAPI] INFO 2023-10-11 15:59:46 - InitailizeApplication
[AirAPI] INFO 2023-10-11 16:00:23 - InitailizeApplication
[AirAPI] INFO 2023-10-11 16:00:50 - InitailizeApplication
[AirAPI] INFO 2023-10-11 16:01:36 - InitailizeApplication
[AirAPI] INFO 2023-10-11 16:02:10 - InitailizeApplication
[AirAPI] INFO 2023-10-11 16:02:37 - InitailizeApplication
[AirAPI] INFO 2023-10-11 16:02:49 - InitailizeApplication
[AirAPI] INFO 2023-10-11 16:03:31 - InitailizeApplication
[AirAPI] INFO 2023-10-11 16:03:46 - InitailizeApplication
[AirAPI] INFO 2023-10-11 16:04:05 - InitailizeApplication
[AirAPI] INFO 2023-10-11 16:04:34 - InitailizeApplication
[AirAPI] INFO 2023-10-11 16:04:50 - InitailizeApplication
[AirAPI] INFO 2023-10-11 16:07:08 - InitailizeApplication
[AirAPI] INFO 2023-10-11 16:08:06 - InitailizeApplication
[AirAPI] INFO 2023-10-11 16:08:23 - InitailizeApplication
[AirAPI] INFO 2023-10-11 16:08:31 - InitailizeApplication
[AirAPI] INFO 2023-10-11 16:09:17 - InitailizeApplication
[AirAPI] INFO 2023-10-11 16:13:57 - InitailizeApplication
[AirAPI] INFO 2023-10-11 16:14:36 - InitailizeApplication
[AirAPI] INFO 2023-10-11 16:16:43 - InitailizeApplication
[AirAPI] INFO 2023-10-11 16:17:59 - InitailizeApplication
[AirAPI] INFO 2023-10-11 16:18:14 - InitailizeApplication
[AirAPI] INFO 2023-10-11 16:19:05 - InitailizeApplication
[AirAPI] INFO 2023-10-11 16:19:25 - InitailizeApplication
[AirAPI] INFO 2023-10-11 16:20:08 - InitailizeApplication
[AirAPI] INFO 2023-10-11 16:21:06 - InitailizeApplication
[AirAPI] INFO 2023-10-11 16:21:14 - InitailizeApplication
[AirAPI] INFO 2023-10-11 16:21:37 - InitailizeApplication
[AirAPI] INFO 2023-10-11 16:22:11 - InitailizeApplication
[AirAPI] INFO 2023-10-11 16:24:13 - InitailizeApplication
[AirAPI] INFO 2023-10-11 16:32:37 - InitailizeApplication
[AirAPI] INFO 2023-10-11 16:32:47 - InitailizeApplication
[AirAPI] INFO 2023-10-11 16:34:06 - InitailizeApplication
[AirAPI] INFO 2023-10-11 16:34:28 - InitailizeApplication
[AirAPI] INFO 2023-10-11 16:35:05 - InitailizeApplication
[AirAPI] INFO 2023-10-11 16:38:00 - InitailizeApplication
[AirAPI] INFO 2023-10-11 16:38:15 - InitailizeApplication
[AirAPI] INFO 2023-10-11 16:39:03 - InitailizeApplication
[AirAPI] INFO 2023-10-11 16:39:42 - InitailizeApplication
[AirAPI] INFO 2023-10-11 16:39:55 - InitailizeApplication
[AirAPI] INFO 2023-10-11 16:40:14 - InitailizeApplication
[AirAPI] INFO 2023-10-11 16:40:43 - InitailizeApplication
[AirAPI] INFO 2023-10-11 16:40:59 - InitailizeApplication
[AirAPI] INFO 2023-10-11 16:41:33 - InitailizeApplication
[AirAPI] INFO 2023-10-11 16:41:49 - InitailizeApplication
[AirAPI] INFO 2023-10-11 16:42:41 - InitailizeApplication
[AirAPI] INFO 2023-10-11 16:42:53 - InitailizeApplication
[AirAPI] INFO 2023-10-11 16:43:18 - InitailizeApplication
[AirAPI] INFO 2023-10-11 16:43:30 - InitailizeApplication
[AirAPI] INFO 2023-10-11 16:43:43 - InitailizeApplication
[AirAPI] INFO 2023-10-11 16:44:02 - InitailizeApplication
[AirAPI] INFO 2023-10-11 16:44:22 - InitailizeApplication
[AirAPI] INFO 2023-10-11 16:44:32 - InitailizeApplication
[AirAPI] INFO 2023-10-11 16:45:02 - InitailizeApplication
[AirAPI] INFO 2023-10-11 16:45:21 - InitailizeApplication
[AirAPI] INFO 2023-10-11 16:47:04 - InitailizeApplication
[AirAPI] INFO 2023-10-11 16:47:12 - InitailizeApplication
[AirAPI] INFO 2023-10-11 16:47:37 - InitailizeApplication
[AirAPI] INFO 2023-10-11 16:47:43 - InitailizeApplication
[AirAPI] INFO 2023-10-11 16:49:27 - InitailizeApplication
[AirAPI] INFO 2023-10-11 16:49:40 - InitailizeApplication
[AirAPI] INFO 2023-10-11 16:50:02 - InitailizeApplication
[AirAPI] INFO 2023-10-11 16:52:37 - InitailizeApplication
[AirAPI] INFO 2023-10-11 16:53:14 - InitailizeApplication
[AirAPI] INFO 2023-10-11 16:53:23 - InitailizeApplication
[AirAPI] INFO 2023-10-11 16:55:47 - InitailizeApplication
[AirAPI] INFO 2023-10-11 16:55:56 - InitailizeApplication
[AirAPI] INFO 2023-10-11 16:57:36 - InitailizeApplication
[AirAPI] INFO 2023-10-11 16:57:52 - InitailizeApplication
[AirAPI] INFO 2023-10-11 16:58:12 - InitailizeApplication
[AirAPI] INFO 2023-10-11 16:58:35 - InitailizeApplication
[AirAPI] INFO 2023-10-11 16:59:07 - InitailizeApplication
[AirAPI] INFO 2023-10-11 16:59:16 - InitailizeApplication
[AirAPI] INFO 2023-10-11 16:59:28 - InitailizeApplication
[AirAPI] INFO 2023-10-11 17:00:37 - InitailizeApplication
[AirAPI] INFO 2023-10-11 17:00:56 - InitailizeApplication
[AirAPI] INFO 2023-10-11 17:01:05 - InitailizeApplication
[AirAPI] INFO 2023-10-11 17:01:27 - InitailizeApplication
[AirAPI] INFO 2023-10-11 17:02:14 - InitailizeApplication
[AirAPI] INFO 2023-10-11 17:02:31 - InitailizeApplication
[AirAPI] INFO 2023-10-11 17:53:01 - InitailizeApplication
[AirAPI] INFO 2023-10-11 17:53:12 - InitailizeApplication
[AirAPI] INFO 2023-10-11 17:53:43 - InitailizeApplication
[AirAPI] INFO 2023-10-11 17:53:56 - InitailizeApplication
[AirAPI] INFO 2023-10-11 17:54:57 - InitailizeApplication
[AirAPI] INFO 2023-10-11 17:56:01 - InitailizeApplication
[AirAPI] INFO 2023-10-11 17:56:49 - InitailizeApplication
[AirAPI] INFO 2023-10-11 17:57:27 - InitailizeApplication
[AirAPI] INFO 2023-10-11 17:57:42 - InitailizeApplication
[AirAPI] INFO 2023-10-11 17:58:23 - InitailizeApplication
[AirAPI] INFO 2023-10-11 17:59:38 - InitailizeApplication
[AirAPI] INFO 2023-10-11 18:00:00 - InitailizeApplication
[AirAPI] INFO 2023-10-11 18:01:37 - InitailizeApplication
[AirAPI] INFO 2023-10-11 18:03:29 - InitailizeApplication
[AirAPI] INFO 2023-10-11 18:04:11 - InitailizeApplication
[AirAPI] INFO 2023-10-11 18:04:46 - InitailizeApplication
[AirAPI] INFO 2023-10-11 18:05:05 - InitailizeApplication
[AirAPI] INFO 2023-10-11 18:05:19 - InitailizeApplication
[AirAPI] INFO 2023-10-11 18:06:03 - InitailizeApplication
[AirAPI] INFO 2023-10-11 18:06:45 - InitailizeApplication
[AirAPI] INFO 2023-10-11 18:06:50 - InitailizeApplication
[AirAPI] INFO 2023-10-11 18:07:46 - InitailizeApplication
[AirAPI] INFO 2023-10-11 18:07:55 - InitailizeApplication
[AirAPI] INFO 2023-10-11 18:08:05 - InitailizeApplication
[AirAPI] INFO 2023-10-11 18:09:44 - InitailizeApplication
[AirAPI] INFO 2023-10-11 18:10:08 - InitailizeApplication
[AirAPI] INFO 2023-10-11 18:10:52 - InitailizeApplication
[AirAPI] INFO 2023-10-11 18:14:52 - InitailizeApplication
[AirAPI] INFO 2023-10-11 18:15:08 - InitailizeApplication
[AirAPI] INFO 2023-10-11 18:15:17 - InitailizeApplication
[AirAPI] INFO 2023-10-11 18:15:22 - InitailizeApplication
[AirAPI] INFO 2023-10-11 18:15:35 - InitailizeApplication
[AirAPI] INFO 2023-10-11 18:17:04 - InitailizeApplication
[AirAPI] INFO 2023-10-11 18:30:02 - InitailizeApplication
[AirAPI] INFO 2023-10-11 18:31:45 - InitailizeApplication
[AirAPI] INFO 2023-10-11 18:32:07 - InitailizeApplication
[AirAPI] INFO 2023-10-11 18:32:21 - InitailizeApplication
[AirAPI] INFO 2023-10-11 18:32:47 - InitailizeApplication
[AirAPI] INFO 2023-10-11 18:33:45 - InitailizeApplication
[AirAPI] INFO 2023-10-11 18:33:59 - InitailizeApplication
[AirAPI] INFO 2023-10-11 18:35:13 - InitailizeApplication
[AirAPI] INFO 2023-10-11 18:35:51 - InitailizeApplication
[AirAPI] INFO 2023-10-11 18:36:47 - InitailizeApplication
[AirAPI] INFO 2023-10-11 18:36:57 - InitailizeApplication
[AirAPI] INFO 2023-10-11 18:37:19 - InitailizeApplication
[AirAPI] INFO 2023-10-11 18:41:38 - InitailizeApplication
[AirAPI] INFO 2023-10-11 18:41:44 - InitailizeApplication
[AirAPI] INFO 2023-10-11 18:41:56 - InitailizeApplication
[AirAPI] INFO 2023-10-11 18:42:56 - InitailizeApplication
[AirAPI] INFO 2023-10-11 18:43:02 - InitailizeApplication
[AirAPI] INFO 2023-10-11 18:43:39 - InitailizeApplication
[AirAPI] INFO 2023-10-11 18:43:59 - InitailizeApplication
[AirAPI] INFO 2023-10-11 18:44:45 - InitailizeApplication
[AirAPI] INFO 2023-10-11 18:44:50 - InitailizeApplication
[AirAPI] INFO 2023-10-11 18:45:17 - InitailizeApplication
[AirAPI] INFO 2023-10-11 18:45:38 - InitailizeApplication
[AirAPI] INFO 2023-10-11 18:45:50 - InitailizeApplication
[AirAPI] INFO 2023-10-11 18:47:03 - InitailizeApplication
[AirAPI] INFO 2023-10-11 18:48:56 - InitailizeApplication
[AirAPI] INFO 2023-10-11 18:49:08 - InitailizeApplication
[AirAPI] INFO 2023-10-11 18:49:29 - InitailizeApplication
[AirAPI] INFO 2023-10-11 18:49:55 - InitailizeApplication
[AirAPI] INFO 2023-10-11 18:50:10 - InitailizeApplication
[AirAPI] INFO 2023-10-11 18:50:53 - InitailizeApplication
[AirAPI] INFO 2023-10-11 18:51:26 - InitailizeApplication
[AirAPI] INFO 2023-10-11 18:51:46 - InitailizeApplication
[AirAPI] INFO 2023-10-11 18:52:05 - InitailizeApplication
[AirAPI] INFO 2023-10-11 18:52:50 - InitailizeApplication
[AirAPI] INFO 2023-10-11 18:53:25 - InitailizeApplication
[AirAPI] INFO 2023-10-11 18:53:43 - InitailizeApplication
[AirAPI] INFO 2023-10-11 18:54:51 - InitailizeApplication
[AirAPI] INFO 2023-10-11 18:56:06 - InitailizeApplication
[AirAPI] INFO 2023-10-11 18:56:55 - InitailizeApplication
[AirAPI] INFO 2023-10-11 18:57:10 - InitailizeApplication
[AirAPI] INFO 2023-10-11 18:57:35 - InitailizeApplication
[AirAPI] INFO 2023-10-11 18:57:50 - InitailizeApplication
[AirAPI] INFO 2023-10-11 18:58:02 - InitailizeApplication
[AirAPI] INFO 2023-10-11 18:58:13 - InitailizeApplication
[AirAPI] INFO 2023-10-11 18:58:19 - InitailizeApplication
[AirAPI] INFO 2023-10-11 18:59:08 - InitailizeApplication
[AirAPI] INFO 2023-10-11 19:00:23 - InitailizeApplication
[AirAPI] INFO 2023-10-11 19:00:41 - InitailizeApplication
[AirAPI] INFO 2023-10-11 19:00:58 - InitailizeApplication
[AirAPI] INFO 2023-10-11 19:01:57 - InitailizeApplication
[AirAPI] INFO 2023-10-11 19:02:21 - InitailizeApplication
[AirAPI] INFO 2023-10-11 19:02:40 - InitailizeApplication
[AirAPI] INFO 2023-10-11 19:04:14 - InitailizeApplication
[AirAPI] INFO 2023-10-11 19:04:54 - InitailizeApplication
[AirAPI] INFO 2023-10-11 19:05:48 - InitailizeApplication
[AirAPI] INFO 2023-10-11 19:05:56 - InitailizeApplication
[AirAPI] INFO 2023-10-11 19:06:03 - InitailizeApplication
[AirAPI] INFO 2023-10-11 19:06:36 - InitailizeApplication
[AirAPI] INFO 2023-10-11 19:07:19 - InitailizeApplication
[AirAPI] INFO 2023-10-11 19:08:08 - InitailizeApplication
[AirAPI] INFO 2023-10-11 19:08:31 - InitailizeApplication
[AirAPI] INFO 2023-10-11 19:08:53 - InitailizeApplication
[AirAPI] INFO 2023-10-11 19:09:22 - InitailizeApplication
[AirAPI] INFO 2023-10-11 19:11:46 - InitailizeApplication
[AirAPI] INFO 2023-10-11 19:12:04 - InitailizeApplication
[AirAPI] INFO 2023-10-11 19:13:22 - InitailizeApplication
[AirAPI] INFO 2023-10-11 19:18:26 - InitailizeApplication
[AirAPI] INFO 2023-10-11 19:18:44 - InitailizeApplication
[AirAPI] INFO 2023-10-11 19:19:42 - InitailizeApplication
[AirAPI] INFO 2023-10-11 19:20:54 - InitailizeApplication
[AirAPI] INFO 2023-10-11 19:21:02 - InitailizeApplication
[AirAPI] INFO 2023-10-11 19:21:29 - InitailizeApplication
[AirAPI] INFO 2023-10-11 19:22:00 - InitailizeApplication
[AirAPI] INFO 2023-10-11 19:22:19 - InitailizeApplication
[AirAPI] INFO 2023-10-11 19:22:34 - InitailizeApplication
[AirAPI] INFO 2023-10-11 19:22:45 - InitailizeApplication
[AirAPI] INFO 2023-10-11 19:23:34 - InitailizeApplication
[AirAPI] INFO 2023-10-11 19:24:09 - InitailizeApplication
